<?xml version="1.0" encoding="UTF-8"?>
<!-- Generated by org.testng.reporters.JUnitReportReporter -->
<testsuite hostname="LAPTOP-VMSB2U36" failures="0" tests="1" name="com.web.test.runner" time="91.482" errors="0" timestamp="2024-01-02T17:59:20 IST" skipped="0">
  <testcase classname="com.web.test.runner" name="testcase" time="91.482"/>
  <system-out/>
</testsuite> <!-- com.web.test.runner -->
