<?xml version="1.0" encoding="UTF-8"?>
<!-- Generated by org.testng.reporters.JUnitReportReporter -->
<testsuite hostname="LAPTOP-B5QAFVI7" failures="0" tests="1" name="com.web.test.TestRunner" time="9.493" errors="0" timestamp="2024-01-08T12:21:01 IST" skipped="0">
  <testcase classname="com.web.test.TestRunner" name="tc001" time="9.493"/>
  <system-out/>
</testsuite> <!-- com.web.test.TestRunner -->
